{"/home/xzem/Dev/project/Coco/angular-front-end/jest-global-mocks.ts": {"path":"/home/xzem/Dev/project/Coco/angular-front-end/jest-global-mocks.ts","statementMap":{"0":{"start":{"line":1,"column":0},"end":{"line":1,"column":37}},"1":{"start":{"line":3,"column":0},"end":{"line":3,"column":54}},"2":{"start":{"line":5,"column":0},"end":{"line":7,"column":3}},"3":{"start":{"line":9,"column":0},"end":{"line":16,"column":3}},"4":{"start":{"line":11,"column":8},"end":{"line":14,"column":10}},"5":{"start":{"line":22,"column":0},"end":{"line":29,"column":3}},"6":{"start":{"line":24,"column":8},"end":{"line":27,"column":10}},"7":{"start":{"line":31,"column":0},"end":{"line":31,"column":98}}},"fnMap":{"0":{"name":"(anonymous_0)","decl":{"start":{"line":10,"column":11},"end":{"line":10,"column":14}},"loc":{"start":{"line":10,"column":16},"end":{"line":15,"column":5}}},"1":{"name":"(anonymous_1)","decl":{"start":{"line":23,"column":11},"end":{"line":23,"column":14}},"loc":{"start":{"line":23,"column":16},"end":{"line":28,"column":5}}}},"branchMap":{},"s":{"0":7,"1":7,"2":7,"3":7,"4":0,"5":7,"6":0,"7":7},"f":{"0":0,"1":0},"b":{}}
,"/home/xzem/Dev/project/Coco/angular-front-end/src/app/app.component.html": {"path":"/home/xzem/Dev/project/Coco/angular-front-end/src/app/app.component.html","statementMap":{"0":{"start":{"line":1,"column":0},"end":{"line":1,"column":287}}},"fnMap":{},"branchMap":{},"s":{"0":1},"f":{},"b":{},"_coverageSchema":"1a1c01bbd47fc00a2c39e90264f33305004495a9","hash":"f5333402bb244b4cd4f05bac7e92762c8fdaff28"}
,"/home/xzem/Dev/project/Coco/angular-front-end/src/app/app.component.ts": {"path":"/home/xzem/Dev/project/Coco/angular-front-end/src/app/app.component.ts","statementMap":{"0":{"start":{"line":1,"column":0},"end":{"line":1,"column":50}},"1":{"start":{"line":2,"column":0},"end":{"line":2,"column":24}},"2":{"start":{"line":10,"column":25},"end":{"line":26,"column":null}},"3":{"start":{"line":16,"column":22},"end":{"line":16,"column":36}},"4":{"start":{"line":12,"column":9},"end":{"line":12,"column":34}},"5":{"start":{"line":13,"column":9},"end":{"line":13,"column":36}},"6":{"start":{"line":14,"column":9},"end":{"line":14,"column":29}},"7":{"start":{"line":17,"column":4},"end":{"line":17,"column":24}},"8":{"start":{"line":18,"column":4},"end":{"line":18,"column":58}},"9":{"start":{"line":20,"column":4},"end":{"line":24,"column":7}},"10":{"start":{"line":21,"column":6},"end":{"line":23,"column":null}},"11":{"start":{"line":22,"column":8},"end":{"line":22,"column":71}},"12":{"start":{"line":10,"column":13},"end":{"line":26,"column":null}},"13":{"start":{"line":10,"column":13},"end":{"line":10,"column":25}}},"fnMap":{"0":{"name":"(anonymous_0)","decl":{"start":{"line":16,"column":2},"end":{"line":16,"column":22}},"loc":{"start":{"line":16,"column":36},"end":{"line":25,"column":3}}},"1":{"name":"(anonymous_1)","decl":{"start":{"line":20,"column":33},"end":{"line":20,"column":34}},"loc":{"start":{"line":20,"column":43},"end":{"line":24,"column":5}}}},"branchMap":{"0":{"loc":{"start":{"line":21,"column":6},"end":{"line":23,"column":null}},"type":"if","locations":[{"start":{"line":21,"column":6},"end":{"line":23,"column":null}}]},"1":{"loc":{"start":{"line":22,"column":25},"end":{"line":22,"column":70}},"type":"cond-expr","locations":[{"start":{"line":22,"column":58},"end":{"line":22,"column":62}},{"start":{"line":22,"column":65},"end":{"line":22,"column":70}}]}},"s":{"0":1,"1":1,"2":1,"3":8,"4":8,"5":8,"6":8,"7":8,"8":8,"9":8,"10":0,"11":0,"12":1,"13":1},"f":{"0":8,"1":0},"b":{"0":[0],"1":[0,0]}}
,"/home/xzem/Dev/project/Coco/angular-front-end/src/app/core/sevices/REST/endpoint/endpoint.ts": {"path":"/home/xzem/Dev/project/Coco/angular-front-end/src/app/core/sevices/REST/endpoint/endpoint.ts","statementMap":{"0":{"start":{"line":2,"column":21},"end":{"line":2,"column":47}},"1":{"start":{"line":6,"column":8},"end":{"line":6,"column":49}},"2":{"start":{"line":7,"column":8},"end":{"line":7,"column":28}},"3":{"start":{"line":11,"column":8},"end":{"line":11,"column":26}},"4":{"start":{"line":15,"column":8},"end":{"line":15,"column":27}},"5":{"start":{"line":1,"column":0},"end":{"line":1,"column":13}}},"fnMap":{"0":{"name":"(anonymous_0)","decl":{"start":{"line":5,"column":4},"end":{"line":5,"column":16}},"loc":{"start":{"line":5,"column":45},"end":{"line":8,"column":5}}},"1":{"name":"(anonymous_1)","decl":{"start":{"line":10,"column":4},"end":{"line":10,"column":15}},"loc":{"start":{"line":10,"column":19},"end":{"line":12,"column":5}}},"2":{"name":"(anonymous_2)","decl":{"start":{"line":14,"column":4},"end":{"line":14,"column":15}},"loc":{"start":{"line":14,"column":20},"end":{"line":16,"column":5}}}},"branchMap":{},"s":{"0":8,"1":8,"2":8,"3":7,"4":0,"5":3},"f":{"0":8,"1":7,"2":0},"b":{}}
,"/home/xzem/Dev/project/Coco/angular-front-end/src/app/core/sevices/REST/version/version.service.ts": {"path":"/home/xzem/Dev/project/Coco/angular-front-end/src/app/core/sevices/REST/version/version.service.ts","statementMap":{"0":{"start":{"line":1,"column":0},"end":{"line":1,"column":9}},"1":{"start":{"line":2,"column":0},"end":{"line":2,"column":43}},"2":{"start":{"line":4,"column":0},"end":{"line":4,"column":48}},"3":{"start":{"line":10,"column":27},"end":{"line":23,"column":null}},"4":{"start":{"line":13,"column":22},"end":{"line":13,"column":38}},"5":{"start":{"line":14,"column":4},"end":{"line":16,"column":7}},"6":{"start":{"line":20,"column":16},"end":{"line":20,"column":56}},"7":{"start":{"line":21,"column":4},"end":{"line":21,"column":null}},"8":{"start":{"line":10,"column":13},"end":{"line":23,"column":null}},"9":{"start":{"line":10,"column":13},"end":{"line":10,"column":27}}},"fnMap":{"0":{"name":"(anonymous_0)","decl":{"start":{"line":13,"column":2},"end":{"line":13,"column":22}},"loc":{"start":{"line":13,"column":38},"end":{"line":17,"column":3}}},"1":{"name":"(anonymous_1)","decl":{"start":{"line":19,"column":9},"end":{"line":19,"column":19}},"loc":{"start":{"line":19,"column":19},"end":{"line":22,"column":3}}}},"branchMap":{"0":{"loc":{"start":{"line":20,"column":19},"end":{"line":20,"column":54}},"type":"cond-expr","locations":[{"start":{"line":20,"column":48},"end":{"line":20,"column":50}},{"start":{"line":20,"column":48},"end":{"line":20,"column":54}}]},"1":{"loc":{"start":{"line":20,"column":19},"end":{"line":20,"column":50}},"type":"binary-expr","locations":[{"start":{"line":20,"column":19},"end":{"line":20,"column":50}},{"start":{"line":20,"column":48},"end":{"line":20,"column":50}}]}},"s":{"0":3,"1":3,"2":3,"3":3,"4":8,"5":8,"6":7,"7":7,"8":3,"9":3},"f":{"0":8,"1":7},"b":{"0":[0,7],"1":[7,7]}}
,"/home/xzem/Dev/project/Coco/angular-front-end/src/app/core/sevices/authentification/auth.service.ts": {"path":"/home/xzem/Dev/project/Coco/angular-front-end/src/app/core/sevices/authentification/auth.service.ts","statementMap":{"0":{"start":{"line":1,"column":0},"end":{"line":1,"column":43}},"1":{"start":{"line":6,"column":24},"end":{"line":9,"column":null}},"2":{"start":{"line":6,"column":13},"end":{"line":9,"column":null}},"3":{"start":{"line":6,"column":13},"end":{"line":6,"column":24}}},"fnMap":{"0":{"name":"(anonymous_0)","decl":{"start":{"line":8,"column":2},"end":{"line":8,"column":18}},"loc":{"start":{"line":8,"column":2},"end":{"line":8,"column":19}}}},"branchMap":{},"s":{"0":1,"1":1,"2":1,"3":1},"f":{"0":1},"b":{}}
,"/home/xzem/Dev/project/Coco/angular-front-end/src/app/course/course-routing.module.ts": {"path":"/home/xzem/Dev/project/Coco/angular-front-end/src/app/course/course-routing.module.ts","statementMap":{"0":{"start":{"line":1,"column":0},"end":{"line":1,"column":41}},"1":{"start":{"line":2,"column":0},"end":{"line":2,"column":55}},"2":{"start":{"line":4,"column":23},"end":{"line":4,"column":25}},"3":{"start":{"line":10,"column":32},"end":{"line":10,"column":null}},"4":{"start":{"line":10,"column":13},"end":{"line":10,"column":null}},"5":{"start":{"line":10,"column":13},"end":{"line":10,"column":32}}},"fnMap":{},"branchMap":{},"s":{"0":1,"1":1,"2":1,"3":1,"4":1,"5":1},"f":{},"b":{}}
,"/home/xzem/Dev/project/Coco/angular-front-end/src/app/course/course.module.ts": {"path":"/home/xzem/Dev/project/Coco/angular-front-end/src/app/course/course.module.ts","statementMap":{"0":{"start":{"line":1,"column":0},"end":{"line":1,"column":41}},"1":{"start":{"line":2,"column":0},"end":{"line":2,"column":47}},"2":{"start":{"line":3,"column":0},"end":{"line":3,"column":64}},"3":{"start":{"line":4,"column":0},"end":{"line":4,"column":83}},"4":{"start":{"line":5,"column":0},"end":{"line":5,"column":85}},"5":{"start":{"line":6,"column":0},"end":{"line":6,"column":55}},"6":{"start":{"line":7,"column":0},"end":{"line":7,"column":62}},"7":{"start":{"line":19,"column":25},"end":{"line":19,"column":null}},"8":{"start":{"line":19,"column":13},"end":{"line":19,"column":null}},"9":{"start":{"line":19,"column":13},"end":{"line":19,"column":25}}},"fnMap":{},"branchMap":{},"s":{"0":1,"1":1,"2":1,"3":1,"4":1,"5":1,"6":1,"7":1,"8":1,"9":1},"f":{},"b":{}}
,"/home/xzem/Dev/project/Coco/angular-front-end/src/app/course/components/course.component.html": {"path":"/home/xzem/Dev/project/Coco/angular-front-end/src/app/course/components/course.component.html","statementMap":{"0":{"start":{"line":1,"column":0},"end":{"line":1,"column":29}}},"fnMap":{},"branchMap":{},"s":{"0":1},"f":{},"b":{},"_coverageSchema":"1a1c01bbd47fc00a2c39e90264f33305004495a9","hash":"abc4c0ec0ce9e4560001b2cf7cece7a179ac2bf4"}
,"/home/xzem/Dev/project/Coco/angular-front-end/src/app/course/components/course.component.ts": {"path":"/home/xzem/Dev/project/Coco/angular-front-end/src/app/course/components/course.component.ts","statementMap":{"0":{"start":{"line":1,"column":0},"end":{"line":1,"column":50}},"1":{"start":{"line":8,"column":28},"end":{"line":15,"column":null}},"2":{"start":{"line":8,"column":13},"end":{"line":15,"column":null}},"3":{"start":{"line":8,"column":13},"end":{"line":8,"column":28}}},"fnMap":{"0":{"name":"(anonymous_0)","decl":{"start":{"line":10,"column":2},"end":{"line":10,"column":18}},"loc":{"start":{"line":10,"column":2},"end":{"line":10,"column":19}}},"1":{"name":"(anonymous_1)","decl":{"start":{"line":12,"column":2},"end":{"line":12,"column":10}},"loc":{"start":{"line":12,"column":10},"end":{"line":13,"column":3}}}},"branchMap":{},"s":{"0":1,"1":1,"2":1,"3":1},"f":{"0":0,"1":0},"b":{}}
,"/home/xzem/Dev/project/Coco/angular-front-end/src/app/course/components/all-courses/all-courses.component.html": {"path":"/home/xzem/Dev/project/Coco/angular-front-end/src/app/course/components/all-courses/all-courses.component.html","statementMap":{"0":{"start":{"line":1,"column":0},"end":{"line":1,"column":1337}}},"fnMap":{},"branchMap":{},"s":{"0":1},"f":{},"b":{},"_coverageSchema":"1a1c01bbd47fc00a2c39e90264f33305004495a9","hash":"12c2b16f0754277439eb594a0360b0cdaa3c75c5"}
,"/home/xzem/Dev/project/Coco/angular-front-end/src/app/course/components/all-courses/all-courses.component.ts": {"path":"/home/xzem/Dev/project/Coco/angular-front-end/src/app/course/components/all-courses/all-courses.component.ts","statementMap":{"0":{"start":{"line":1,"column":0},"end":{"line":1,"column":50}},"1":{"start":{"line":8,"column":32},"end":{"line":15,"column":null}},"2":{"start":{"line":8,"column":13},"end":{"line":15,"column":null}},"3":{"start":{"line":8,"column":13},"end":{"line":8,"column":32}}},"fnMap":{"0":{"name":"(anonymous_0)","decl":{"start":{"line":10,"column":2},"end":{"line":10,"column":18}},"loc":{"start":{"line":10,"column":2},"end":{"line":10,"column":19}}},"1":{"name":"(anonymous_1)","decl":{"start":{"line":12,"column":2},"end":{"line":12,"column":10}},"loc":{"start":{"line":12,"column":10},"end":{"line":13,"column":3}}}},"branchMap":{},"s":{"0":1,"1":1,"2":1,"3":1},"f":{"0":0,"1":0},"b":{}}
,"/home/xzem/Dev/project/Coco/angular-front-end/src/app/course/components/suggestion/suggestion.component.html": {"path":"/home/xzem/Dev/project/Coco/angular-front-end/src/app/course/components/suggestion/suggestion.component.html","statementMap":{"0":{"start":{"line":1,"column":0},"end":{"line":1,"column":43}}},"fnMap":{},"branchMap":{},"s":{"0":1},"f":{},"b":{},"_coverageSchema":"1a1c01bbd47fc00a2c39e90264f33305004495a9","hash":"36105de5384b471d77a45d682cccce1ead8c2609"}
,"/home/xzem/Dev/project/Coco/angular-front-end/src/app/course/components/suggestion/suggestion.component.ts": {"path":"/home/xzem/Dev/project/Coco/angular-front-end/src/app/course/components/suggestion/suggestion.component.ts","statementMap":{"0":{"start":{"line":1,"column":0},"end":{"line":1,"column":50}},"1":{"start":{"line":8,"column":32},"end":{"line":15,"column":null}},"2":{"start":{"line":8,"column":13},"end":{"line":15,"column":null}},"3":{"start":{"line":8,"column":13},"end":{"line":8,"column":32}}},"fnMap":{"0":{"name":"(anonymous_0)","decl":{"start":{"line":10,"column":2},"end":{"line":10,"column":18}},"loc":{"start":{"line":10,"column":2},"end":{"line":10,"column":19}}},"1":{"name":"(anonymous_1)","decl":{"start":{"line":12,"column":2},"end":{"line":12,"column":10}},"loc":{"start":{"line":12,"column":10},"end":{"line":13,"column":3}}}},"branchMap":{},"s":{"0":1,"1":1,"2":1,"3":1},"f":{"0":0,"1":0},"b":{}}
,"/home/xzem/Dev/project/Coco/angular-front-end/src/app/shared/index.ts": {"path":"/home/xzem/Dev/project/Coco/angular-front-end/src/app/shared/index.ts","statementMap":{"0":{"start":{"line":1,"column":0},"end":{"line":1,"column":89}},"1":{"start":{"line":2,"column":0},"end":{"line":2,"column":60}},"2":{"start":{"line":3,"column":0},"end":{"line":3,"column":71}},"3":{"start":{"line":4,"column":0},"end":{"line":4,"column":92}},"4":{"start":{"line":5,"column":0},"end":{"line":5,"column":89}},"5":{"start":{"line":7,"column":13},"end":{"line":7,"column":146}},"6":{"start":{"line":8,"column":13},"end":{"line":8,"column":101}},"7":{"start":{"line":10,"column":0},"end":{"line":10,"column":62}}},"fnMap":{},"branchMap":{},"s":{"0":1,"1":1,"2":1,"3":1,"4":1,"5":1,"6":1,"7":1},"f":{},"b":{}}
,"/home/xzem/Dev/project/Coco/angular-front-end/src/app/shared/shared.module.ts": {"path":"/home/xzem/Dev/project/Coco/angular-front-end/src/app/shared/shared.module.ts","statementMap":{"0":{"start":{"line":1,"column":0},"end":{"line":1,"column":41}},"1":{"start":{"line":2,"column":0},"end":{"line":2,"column":47}},"2":{"start":{"line":3,"column":0},"end":{"line":3,"column":37}},"3":{"start":{"line":4,"column":0},"end":{"line":4,"column":47}},"4":{"start":{"line":10,"column":25},"end":{"line":10,"column":null}},"5":{"start":{"line":10,"column":13},"end":{"line":10,"column":null}},"6":{"start":{"line":10,"column":13},"end":{"line":10,"column":25}}},"fnMap":{},"branchMap":{},"s":{"0":1,"1":1,"2":1,"3":1,"4":1,"5":1,"6":1},"f":{},"b":{}}
,"/home/xzem/Dev/project/Coco/angular-front-end/src/app/shared/button-underline/button-underline.component.html": {"path":"/home/xzem/Dev/project/Coco/angular-front-end/src/app/shared/button-underline/button-underline.component.html","statementMap":{"0":{"start":{"line":1,"column":0},"end":{"line":1,"column":272}}},"fnMap":{},"branchMap":{},"s":{"0":1},"f":{},"b":{},"_coverageSchema":"1a1c01bbd47fc00a2c39e90264f33305004495a9","hash":"3c28fd3affa71162a98b20ba87d9f30d2307b4bb"}
,"/home/xzem/Dev/project/Coco/angular-front-end/src/app/shared/button-underline/button-underline.component.ts": {"path":"/home/xzem/Dev/project/Coco/angular-front-end/src/app/shared/button-underline/button-underline.component.ts","statementMap":{"0":{"start":{"line":1,"column":0},"end":{"line":1,"column":50}},"1":{"start":{"line":8,"column":37},"end":{"line":15,"column":null}},"2":{"start":{"line":8,"column":13},"end":{"line":15,"column":null}},"3":{"start":{"line":8,"column":13},"end":{"line":8,"column":37}}},"fnMap":{"0":{"name":"(anonymous_0)","decl":{"start":{"line":10,"column":2},"end":{"line":10,"column":18}},"loc":{"start":{"line":10,"column":2},"end":{"line":10,"column":19}}},"1":{"name":"(anonymous_1)","decl":{"start":{"line":12,"column":2},"end":{"line":12,"column":10}},"loc":{"start":{"line":12,"column":10},"end":{"line":13,"column":3}}}},"branchMap":{},"s":{"0":1,"1":1,"2":1,"3":1},"f":{"0":0,"1":0},"b":{}}
,"/home/xzem/Dev/project/Coco/angular-front-end/src/app/shared/footer/footer.component.html": {"path":"/home/xzem/Dev/project/Coco/angular-front-end/src/app/shared/footer/footer.component.html","statementMap":{"0":{"start":{"line":1,"column":0},"end":{"line":1,"column":1133}}},"fnMap":{},"branchMap":{},"s":{"0":2},"f":{},"b":{},"_coverageSchema":"1a1c01bbd47fc00a2c39e90264f33305004495a9","hash":"c6cd39d2548973c4c8abe504158afa0f7990af12"}
,"/home/xzem/Dev/project/Coco/angular-front-end/src/app/shared/footer/footer.component.ts": {"path":"/home/xzem/Dev/project/Coco/angular-front-end/src/app/shared/footer/footer.component.ts","statementMap":{"0":{"start":{"line":1,"column":0},"end":{"line":1,"column":50}},"1":{"start":{"line":2,"column":0},"end":{"line":2,"column":9}},"2":{"start":{"line":9,"column":28},"end":{"line":18,"column":null}},"3":{"start":{"line":13,"column":31},"end":{"line":13,"column":61}},"4":{"start":{"line":11,"column":2},"end":{"line":11,"column":23}},"5":{"start":{"line":16,"column":4},"end":{"line":16,"column":82}},"6":{"start":{"line":16,"column":58},"end":{"line":16,"column":80}},"7":{"start":{"line":9,"column":13},"end":{"line":18,"column":null}},"8":{"start":{"line":9,"column":13},"end":{"line":9,"column":28}}},"fnMap":{"0":{"name":"(anonymous_0)","decl":{"start":{"line":13,"column":2},"end":{"line":13,"column":31}},"loc":{"start":{"line":13,"column":61},"end":{"line":13,"column":66}}},"1":{"name":"(anonymous_1)","decl":{"start":{"line":15,"column":2},"end":{"line":15,"column":10}},"loc":{"start":{"line":15,"column":10},"end":{"line":17,"column":3}}},"2":{"name":"(anonymous_2)","decl":{"start":{"line":16,"column":47},"end":{"line":16,"column":54}},"loc":{"start":{"line":16,"column":58},"end":{"line":16,"column":80}}}},"branchMap":{},"s":{"0":2,"1":2,"2":2,"3":22,"4":22,"5":18,"6":12,"7":2,"8":2},"f":{"0":22,"1":18,"2":12},"b":{}}
,"/home/xzem/Dev/project/Coco/angular-front-end/src/app/shared/header/components/header.component.html": {"path":"/home/xzem/Dev/project/Coco/angular-front-end/src/app/shared/header/components/header.component.html","statementMap":{"0":{"start":{"line":1,"column":0},"end":{"line":1,"column":140}}},"fnMap":{},"branchMap":{},"s":{"0":2},"f":{},"b":{},"_coverageSchema":"1a1c01bbd47fc00a2c39e90264f33305004495a9","hash":"9a98f5acc7c350137cab859a78ba0b64062de153"}
,"/home/xzem/Dev/project/Coco/angular-front-end/src/app/shared/header/components/header.component.ts": {"path":"/home/xzem/Dev/project/Coco/angular-front-end/src/app/shared/header/components/header.component.ts","statementMap":{"0":{"start":{"line":1,"column":0},"end":{"line":1,"column":50}},"1":{"start":{"line":2,"column":0},"end":{"line":2,"column":57}},"2":{"start":{"line":10,"column":28},"end":{"line":25,"column":null}},"3":{"start":{"line":14,"column":22},"end":{"line":14,"column":36}},"4":{"start":{"line":12,"column":9},"end":{"line":12,"column":36}},"5":{"start":{"line":15,"column":4},"end":{"line":19,"column":7}},"6":{"start":{"line":16,"column":6},"end":{"line":18,"column":null}},"7":{"start":{"line":17,"column":8},"end":{"line":17,"column":72}},"8":{"start":{"line":23,"column":4},"end":{"line":23,"column":58}},"9":{"start":{"line":10,"column":13},"end":{"line":25,"column":null}},"10":{"start":{"line":10,"column":13},"end":{"line":10,"column":28}}},"fnMap":{"0":{"name":"(anonymous_0)","decl":{"start":{"line":14,"column":2},"end":{"line":14,"column":22}},"loc":{"start":{"line":14,"column":36},"end":{"line":20,"column":3}}},"1":{"name":"(anonymous_1)","decl":{"start":{"line":15,"column":33},"end":{"line":15,"column":34}},"loc":{"start":{"line":15,"column":43},"end":{"line":19,"column":5}}},"2":{"name":"(anonymous_2)","decl":{"start":{"line":22,"column":2},"end":{"line":22,"column":10}},"loc":{"start":{"line":22,"column":10},"end":{"line":24,"column":3}}}},"branchMap":{"0":{"loc":{"start":{"line":16,"column":6},"end":{"line":18,"column":null}},"type":"if","locations":[{"start":{"line":16,"column":6},"end":{"line":18,"column":null}}]},"1":{"loc":{"start":{"line":17,"column":25},"end":{"line":17,"column":71}},"type":"cond-expr","locations":[{"start":{"line":17,"column":59},"end":{"line":17,"column":63}},{"start":{"line":17,"column":66},"end":{"line":17,"column":71}}]}},"s":{"0":2,"1":2,"2":2,"3":12,"4":12,"5":12,"6":0,"7":0,"8":9,"9":2,"10":2},"f":{"0":12,"1":0,"2":9},"b":{"0":[0],"1":[0,0]}}
,"/home/xzem/Dev/project/Coco/angular-front-end/src/app/shared/header/components/main-navbar/main-navbar.component.html": {"path":"/home/xzem/Dev/project/Coco/angular-front-end/src/app/shared/header/components/main-navbar/main-navbar.component.html","statementMap":{"0":{"start":{"line":1,"column":0},"end":{"line":1,"column":1353}}},"fnMap":{},"branchMap":{},"s":{"0":3},"f":{},"b":{},"_coverageSchema":"1a1c01bbd47fc00a2c39e90264f33305004495a9","hash":"07983ad567b04dab1ae6a646ac9d1a0c4f3b0d51"}
,"/home/xzem/Dev/project/Coco/angular-front-end/src/app/shared/header/components/main-navbar/main-navbar.component.ts": {"path":"/home/xzem/Dev/project/Coco/angular-front-end/src/app/shared/header/components/main-navbar/main-navbar.component.ts","statementMap":{"0":{"start":{"line":1,"column":0},"end":{"line":1,"column":64}},"1":{"start":{"line":2,"column":0},"end":{"line":2,"column":24}},"2":{"start":{"line":9,"column":32},"end":{"line":35,"column":null}},"3":{"start":{"line":15,"column":22},"end":{"line":15,"column":36}},"4":{"start":{"line":11,"column":9},"end":{"line":11,"column":36}},"5":{"start":{"line":12,"column":10},"end":{"line":12,"column":36}},"6":{"start":{"line":13,"column":10},"end":{"line":13,"column":36}},"7":{"start":{"line":16,"column":4},"end":{"line":20,"column":7}},"8":{"start":{"line":17,"column":6},"end":{"line":19,"column":null}},"9":{"start":{"line":18,"column":8},"end":{"line":18,"column":71}},"10":{"start":{"line":24,"column":4},"end":{"line":24,"column":58}},"11":{"start":{"line":29,"column":4},"end":{"line":31,"column":59}},"12":{"start":{"line":9,"column":13},"end":{"line":35,"column":null}},"13":{"start":{"line":9,"column":13},"end":{"line":9,"column":32}}},"fnMap":{"0":{"name":"(anonymous_0)","decl":{"start":{"line":15,"column":2},"end":{"line":15,"column":22}},"loc":{"start":{"line":15,"column":36},"end":{"line":21,"column":3}}},"1":{"name":"(anonymous_1)","decl":{"start":{"line":16,"column":33},"end":{"line":16,"column":34}},"loc":{"start":{"line":16,"column":43},"end":{"line":20,"column":5}}},"2":{"name":"(anonymous_2)","decl":{"start":{"line":23,"column":2},"end":{"line":23,"column":10}},"loc":{"start":{"line":23,"column":10},"end":{"line":25,"column":3}}},"3":{"name":"(anonymous_3)","decl":{"start":{"line":28,"column":2},"end":{"line":28,"column":16}},"loc":{"start":{"line":28,"column":16},"end":{"line":32,"column":3}}},"4":{"name":"(anonymous_4)","decl":{"start":{"line":34,"column":2},"end":{"line":34,"column":12}},"loc":{"start":{"line":34,"column":12},"end":{"line":34,"column":16}}}},"branchMap":{"0":{"loc":{"start":{"line":17,"column":6},"end":{"line":19,"column":null}},"type":"if","locations":[{"start":{"line":17,"column":6},"end":{"line":19,"column":null}}]},"1":{"loc":{"start":{"line":18,"column":25},"end":{"line":18,"column":70}},"type":"cond-expr","locations":[{"start":{"line":18,"column":58},"end":{"line":18,"column":62}},{"start":{"line":18,"column":65},"end":{"line":18,"column":70}}]},"2":{"loc":{"start":{"line":29,"column":21},"end":{"line":31,"column":37}},"type":"binary-expr","locations":[{"start":{"line":29,"column":21},"end":{"line":29,"column":39}},{"start":{"line":30,"column":9},"end":{"line":30,"column":43}},{"start":{"line":31,"column":9},"end":{"line":31,"column":32}},{"start":{"line":31,"column":36},"end":{"line":31,"column":37}}]}},"s":{"0":3,"1":3,"2":3,"3":22,"4":22,"5":22,"6":22,"7":22,"8":0,"9":0,"10":18,"11":1,"12":3,"13":3},"f":{"0":22,"1":0,"2":18,"3":1,"4":0},"b":{"0":[0],"1":[0,0],"2":[1,1,1,1]}}
,"/home/xzem/Dev/project/Coco/angular-front-end/src/app/shared/header/components/sub-navbar/sub-navbar.component.html": {"path":"/home/xzem/Dev/project/Coco/angular-front-end/src/app/shared/header/components/sub-navbar/sub-navbar.component.html","statementMap":{"0":{"start":{"line":1,"column":0},"end":{"line":1,"column":928}}},"fnMap":{},"branchMap":{},"s":{"0":3},"f":{},"b":{},"_coverageSchema":"1a1c01bbd47fc00a2c39e90264f33305004495a9","hash":"d5549a8dd4441081b9a819c4f235d1a3e4c1128b"}
,"/home/xzem/Dev/project/Coco/angular-front-end/src/app/shared/header/components/sub-navbar/sub-navbar.component.ts": {"path":"/home/xzem/Dev/project/Coco/angular-front-end/src/app/shared/header/components/sub-navbar/sub-navbar.component.ts","statementMap":{"0":{"start":{"line":1,"column":0},"end":{"line":1,"column":50}},"1":{"start":{"line":8,"column":31},"end":{"line":14,"column":null}},"2":{"start":{"line":8,"column":13},"end":{"line":14,"column":null}},"3":{"start":{"line":8,"column":13},"end":{"line":8,"column":31}}},"fnMap":{"0":{"name":"(anonymous_0)","decl":{"start":{"line":10,"column":2},"end":{"line":10,"column":18}},"loc":{"start":{"line":10,"column":2},"end":{"line":10,"column":19}}},"1":{"name":"(anonymous_1)","decl":{"start":{"line":12,"column":2},"end":{"line":12,"column":10}},"loc":{"start":{"line":12,"column":10},"end":{"line":13,"column":3}}}},"branchMap":{},"s":{"0":3,"1":3,"2":3,"3":3},"f":{"0":7,"1":5},"b":{}}
}
